<?xml version="1.0" encoding="UTF-8"?>
<!-- Generated by org.testng.reporters.JUnitReportReporter -->
<testsuite hostname="DESKTOP-B3RUGJF" failures="0" tests="3" name="Test_NG.Not_Execute_test" time="0.020" errors="0" timestamp="2023-01-02T09:30:51 IST" skipped="1">
  <testcase classname="Test_NG.Not_Execute_test" name="testb" time="0.010"/>
  <system-out/>
  <testcase classname="Test_NG.Not_Execute_test" name="testa" time="0.010"/>
  <system-out/>
  <testcase classname="Test_NG.Not_Execute_test" name="testz">
    <skipped/>
  </testcase> <!-- testz -->
  <system-out/>
</testsuite> <!-- Test_NG.Not_Execute_test -->
