<?xml version="1.0" encoding="UTF-8"?>
<!-- Generated by org.testng.reporters.JUnitReportReporter -->
<testsuite hostname="DESKTOP-B3RUGJF" failures="0" tests="2" name="Test_NG.Order_of_Annotation2" time="0.096" errors="0" timestamp="2023-01-02T10:42:14 IST" skipped="0">
  <testcase classname="Test_NG.Order_of_Annotation2" name="test2" time="0.005"/>
  <system-out/>
  <testcase classname="Test_NG.Order_of_Annotation2" name="test1" time="0.091"/>
  <system-out/>
</testsuite> <!-- Test_NG.Order_of_Annotation2 -->
