<?xml version="1.0" encoding="UTF-8"?>
<!-- Generated by org.testng.reporters.JUnitReportReporter -->
<testsuite hostname="DESKTOP-B3RUGJF" failures="0" tests="3" name="ExcelSheet_Reader.GetXlData" time="9.407" errors="0" timestamp="2022-12-03T16:25:56 IST" skipped="0">
  <testcase classname="ExcelSheet_Reader.GetXlData" name="Emailsetup" time="4.544"/>
  <system-out/>
  <testcase classname="ExcelSheet_Reader.GetXlData" name="passwordsetup" time="4.773"/>
  <system-out/>
  <testcase classname="ExcelSheet_Reader.GetXlData" name="clickButton" time="0.090"/>
  <system-out/>
</testsuite> <!-- ExcelSheet_Reader.GetXlData -->
