<?xml version="1.0" encoding="UTF-8"?>
<!-- Generated by org.testng.reporters.JUnitReportReporter -->
<testsuite hostname="DESKTOP-B3RUGJF" failures="0" tests="1" name="ExcelSheet_Reader.Assignment" time="0.521" errors="0" timestamp="2022-12-03T18:17:59 IST" skipped="0">
  <testcase classname="ExcelSheet_Reader.Assignment" name="Webtable" time="0.521"/>
  <system-out/>
</testsuite> <!-- ExcelSheet_Reader.Assignment -->
