<?xml version="1.0" encoding="UTF-8"?>
<!-- Generated by org.testng.reporters.JUnitReportReporter -->
<testsuite hostname="DESKTOP-B3RUGJF" failures="0" tests="1" name="Test.TestNG" time="0.308" errors="0" timestamp="2022-11-29T21:35:14 IST" skipped="0">
  <testcase classname="Test.TestNG" name="test1" time="0.308"/>
  <system-out/>
</testsuite> <!-- Test.TestNG -->
