<?xml version="1.0" encoding="UTF-8"?>
<!-- Generated by org.testng.reporters.JUnitReportReporter -->
<testsuite hostname="DESKTOP-B3RUGJF" failures="0" tests="1" name="ExcelSheet_Reader.Demo_WritingData_InXLSheet_" time="69.910" errors="0" timestamp="2022-12-04T12:27:59 IST" skipped="0">
  <testcase classname="ExcelSheet_Reader.Demo_WritingData_InXLSheet_" name="getandwriteWebTable" time="69.910"/>
  <system-out/>
</testsuite> <!-- ExcelSheet_Reader.Demo_WritingData_InXLSheet_ -->
