<?xml version="1.0" encoding="UTF-8"?>
<!-- Generated by org.testng.reporters.JUnitReportReporter -->
<testsuite hostname="DESKTOP-B3RUGJF" failures="0" tests="3" name="Test_NG.Priority_Test_Execut" time="0.070" errors="0" timestamp="2023-01-02T09:16:38 IST" skipped="0">
  <testcase classname="Test_NG.Priority_Test_Execut" name="testz" time="0.015"/>
  <system-out/>
  <testcase classname="Test_NG.Priority_Test_Execut" name="testb" time="0.036"/>
  <system-out/>
  <testcase classname="Test_NG.Priority_Test_Execut" name="testa" time="0.019"/>
  <system-out/>
</testsuite> <!-- Test_NG.Priority_Test_Execut -->
