<?xml version="1.0" encoding="UTF-8"?>
<!-- Generated by org.testng.reporters.JUnitReportReporter -->
<testsuite hostname="DESKTOP-B3RUGJF" failures="0" tests="1" name="Broken_link_findout.Test_12_Brokenlink_nuokri" time="264.876" errors="0" timestamp="2022-12-11T15:21:14 IST" skipped="0">
  <testcase classname="Broken_link_findout.Test_12_Brokenlink_nuokri" name="cheacking" time="264.876"/>
  <system-out/>
</testsuite> <!-- Broken_link_findout.Test_12_Brokenlink_nuokri -->
