<?xml version="1.0" encoding="UTF-8"?>
<!-- Generated by org.testng.reporters.JUnitReportReporter -->
<testsuite hostname="DESKTOP-B3RUGJF" failures="0" tests="1" name="Test_NG.Order_of_Annotation" time="0.023" errors="0" timestamp="2023-01-02T08:49:44 IST" skipped="0">
  <testcase classname="Test_NG.Order_of_Annotation" name="test" time="0.023"/>
  <system-out/>
</testsuite> <!-- Test_NG.Order_of_Annotation -->
