<?xml version="1.0" encoding="UTF-8"?>
<!-- Generated by org.testng.reporters.JUnitReportReporter -->
<testsuite hostname="DESKTOP-B3RUGJF" failures="0" tests="1" name="Batch_Evening13.Test_11_Brokenlink_Findout" time="156.143" errors="0" timestamp="2022-12-11T14:48:30 IST" skipped="0">
  <testcase classname="Batch_Evening13.Test_11_Brokenlink_Findout" name="BrokenLinkFindout" time="156.143"/>
  <system-out/>
</testsuite> <!-- Batch_Evening13.Test_11_Brokenlink_Findout -->
