<?xml version="1.0" encoding="UTF-8"?>
<!-- Generated by org.testng.reporters.JUnitReportReporter -->
<testsuite hostname="DESKTOP-B3RUGJF" failures="0" tests="1" name="ExcelSheet_Reader.DemoExcelSheet_Reader" time="1.421" errors="0" timestamp="2022-12-03T11:05:47 IST" skipped="0">
  <testcase classname="ExcelSheet_Reader.DemoExcelSheet_Reader" name="getsheetdata" time="1.421"/>
  <system-out/>
</testsuite> <!-- ExcelSheet_Reader.DemoExcelSheet_Reader -->
