<?xml version="1.0" encoding="UTF-8"?>
<!-- Generated by org.testng.reporters.JUnitReportReporter -->
<testsuite hostname="DESKTOP-B3RUGJF" failures="0" tests="6" name="Test_NG.invocation_Count" time="0.030" errors="0" timestamp="2023-01-02T09:38:32 IST" skipped="0">
  <testcase classname="Test_NG.invocation_Count" name="testz" time="0.010"/>
  <system-out/>
  <testcase classname="Test_NG.invocation_Count" name="testz" time="0.003"/>
  <system-out/>
  <testcase classname="Test_NG.invocation_Count" name="testb" time="0.009"/>
  <system-out/>
  <testcase classname="Test_NG.invocation_Count" name="testb" time="0.003"/>
  <system-out/>
  <testcase classname="Test_NG.invocation_Count" name="testb" time="0.003"/>
  <system-out/>
  <testcase classname="Test_NG.invocation_Count" name="testa" time="0.002"/>
  <system-out/>
</testsuite> <!-- Test_NG.invocation_Count -->
