<?xml version="1.0" encoding="UTF-8"?>
<!-- Generated by org.testng.reporters.JUnitReportReporter -->
<testsuite hostname="DESKTOP-B3RUGJF" failures="0" tests="3" name="Test_NG.Alphabetical_OrderExecut" time="0.030" errors="0" timestamp="2023-01-02T09:11:01 IST" skipped="0">
  <testcase classname="Test_NG.Alphabetical_OrderExecut" name="testz" time="0.004"/>
  <system-out/>
  <testcase classname="Test_NG.Alphabetical_OrderExecut" name="testb" time="0.014"/>
  <system-out/>
  <testcase classname="Test_NG.Alphabetical_OrderExecut" name="testa" time="0.012"/>
  <system-out/>
</testsuite> <!-- Test_NG.Alphabetical_OrderExecut -->
