<?xml version="1.0" encoding="UTF-8"?>
<!-- Generated by org.testng.reporters.JUnitReportReporter -->
<testsuite hostname="DESKTOP-B3RUGJF" failures="0" tests="2" name="Test_NG.GroupsWiseExcute_Testcase" time="0.014" errors="0" timestamp="2023-01-02T11:00:45 IST" skipped="0">
  <testcase classname="Test_NG.GroupsWiseExcute_Testcase" name="test5" time="0.002"/>
  <system-out/>
  <testcase classname="Test_NG.GroupsWiseExcute_Testcase" name="test4" time="0.012"/>
  <system-out/>
</testsuite> <!-- Test_NG.GroupsWiseExcute_Testcase -->
