<?xml version="1.0" encoding="UTF-8"?>
<!-- Generated by org.testng.reporters.JUnitReportReporter -->
<testsuite hostname="DESKTOP-B3RUGJF" failures="0" tests="1" name="Test.Demotestng" time="0.194" errors="0" timestamp="2022-11-29T21:42:01 IST" skipped="0">
  <testcase classname="Test.Demotestng" name="test1" time="0.194"/>
  <system-out/>
</testsuite> <!-- Test.Demotestng -->
